Flow report for ratatouille
Mon Nov 25 23:50:15 2024
Quartus II 64-Bit Version 13.0.1 Build 232 06/12/2013 Service Pack 1 SJ Web Edition


---------------------
; Table of Contents ;
---------------------
  1. Legal Notice
  2. Flow Summary
  3. Flow Settings
  4. Flow Non-Default Global Settings
  5. Flow Elapsed Time
  6. Flow OS Summary
  7. Flow Log
  8. Flow Messages
  9. Flow Suppressed Messages



----------------
; Legal Notice ;
----------------
Copyright (C) 1991-2013 Altera Corporation
Your use of Altera Corporation's design tools, logic functions 
and other software and tools, and its AMPP partner logic 
functions, and any output files from any of the foregoing 
(including device programming or simulation files), and any 
associated documentation or information are expressly subject 
to the terms and conditions of the Altera Program License 
Subscription Agreement, Altera MegaCore Function License 
Agreement, or other applicable license agreement, including, 
without limitation, that your use is for the sole purpose of 
programming logic devices manufactured by Altera and sold by 
Altera or its authorized distributors.  Please refer to the 
applicable agreement for further details.



+--------------------------------------------------------------------------------------+
; Flow Summary                                                                         ;
+------------------------------------+-------------------------------------------------+
; Flow Status                        ; Successful - Mon Nov 25 23:50:15 2024           ;
; Quartus II 64-Bit Version          ; 13.0.1 Build 232 06/12/2013 SP 1 SJ Web Edition ;
; Revision Name                      ; ratatouille                                     ;
; Top-level Entity Name              ; Matriz_ubicacion                                ;
; Family                             ; Cyclone IV E                                    ;
; Device                             ; EP4CE22F17C6                                    ;
; Timing Models                      ; Final                                           ;
; Total logic elements               ; 858 / 22,320 ( 4 % )                            ;
;     Total combinational functions  ; 818 / 22,320 ( 4 % )                            ;
;     Dedicated logic registers      ; 221 / 22,320 ( < 1 % )                          ;
; Total registers                    ; 221                                             ;
; Total pins                         ; 77 / 154 ( 50 % )                               ;
; Total virtual pins                 ; 0                                               ;
; Total memory bits                  ; 0 / 608,256 ( 0 % )                             ;
; Embedded Multiplier 9-bit elements ; 0 / 132 ( 0 % )                                 ;
; Total PLLs                         ; 1 / 4 ( 25 % )                                  ;
+------------------------------------+-------------------------------------------------+


+-----------------------------------------+
; Flow Settings                           ;
+-------------------+---------------------+
; Option            ; Setting             ;
+-------------------+---------------------+
; Start date & time ; 11/25/2024 23:49:02 ;
; Main task         ; Compilation         ;
; Revision Name     ; ratatouille         ;
+-------------------+---------------------+


+-----------------------------------------------------------------------------------------------------------------------------------------------------------------------------------------------+
; Flow Non-Default Global Settings                                                                                                                                                              ;
+--------------------------------------+---------------------------------------------------------------------------------------------+---------------+------------------+-----------------------+
; Assignment Name                      ; Value                                                                                       ; Default Value ; Entity Name      ; Section Id            ;
+--------------------------------------+---------------------------------------------------------------------------------------------+---------------+------------------+-----------------------+
; COMPILER_SIGNATURE_ID                ; 31672459905691.173258934213852                                                              ; --            ; --               ; --                    ;
; EDA_DESIGN_INSTANCE_NAME             ; uut                                                                                         ; --            ; --               ; tb_temporizador_doble ;
; EDA_DESIGN_INSTANCE_NAME             ; uut                                                                                         ; --            ; --               ; tb_Control_Motores    ;
; EDA_GENERATE_FUNCTIONAL_NETLIST      ; On                                                                                          ; --            ; --               ; eda_simulation        ;
; EDA_NATIVELINK_SIMULATION_TEST_BENCH ; tb_Control_Motores                                                                          ; --            ; --               ; eda_simulation        ;
; EDA_OUTPUT_DATA_FORMAT               ; Verilog Hdl                                                                                 ; --            ; --               ; eda_simulation        ;
; EDA_SIMULATION_TOOL                  ; ModelSim-Altera (Verilog)                                                                   ; <None>        ; --               ; --                    ;
; EDA_TEST_BENCH_ENABLE_STATUS         ; TEST_BENCH_MODE                                                                             ; --            ; --               ; eda_simulation        ;
; EDA_TEST_BENCH_FILE                  ; Motores/tb_temporizador_doble.vhd                                                           ; --            ; --               ; tb_temporizador_doble ;
; EDA_TEST_BENCH_FILE                  ; Motores/tb_Control_Motores.vhd                                                              ; --            ; --               ; tb_Control_Motores    ;
; EDA_TEST_BENCH_MODULE_NAME           ; tb_temporizador_doble                                                                       ; --            ; --               ; tb_temporizador_doble ;
; EDA_TEST_BENCH_MODULE_NAME           ; tb_Control_Motores                                                                          ; --            ; --               ; tb_Control_Motores    ;
; EDA_TEST_BENCH_NAME                  ; tb_temporizador_doble                                                                       ; --            ; --               ; eda_simulation        ;
; EDA_TEST_BENCH_NAME                  ; tb_Control_Motores                                                                          ; --            ; --               ; eda_simulation        ;
; EDA_TEST_BENCH_RUN_SIM_FOR           ; 3 s                                                                                         ; --            ; --               ; tb_temporizador_doble ;
; EDA_TEST_BENCH_RUN_SIM_FOR           ; 5 s                                                                                         ; --            ; --               ; tb_Control_Motores    ;
; EDA_TIME_SCALE                       ; 1 ps                                                                                        ; --            ; --               ; eda_simulation        ;
; ENABLE_SIGNALTAP                     ; On                                                                                          ; --            ; --               ; --                    ;
; MAX_CORE_JUNCTION_TEMP               ; 85                                                                                          ; --            ; --               ; --                    ;
; MIN_CORE_JUNCTION_TEMP               ; 0                                                                                           ; --            ; --               ; --                    ;
; NOMINAL_CORE_SUPPLY_VOLTAGE          ; 1.2V                                                                                        ; --            ; --               ; --                    ;
; PARTITION_COLOR                      ; 16764057                                                                                    ; --            ; Matriz_ubicacion ; Top                   ;
; PARTITION_FITTER_PRESERVATION_LEVEL  ; PLACEMENT_AND_ROUTING                                                                       ; --            ; Matriz_ubicacion ; Top                   ;
; PARTITION_NETLIST_TYPE               ; SOURCE                                                                                      ; --            ; Matriz_ubicacion ; Top                   ;
; POWER_BOARD_THERMAL_MODEL            ; None (CONSERVATIVE)                                                                         ; --            ; --               ; --                    ;
; POWER_PRESET_COOLING_SOLUTION        ; 23 MM HEAT SINK WITH 200 LFPM AIRFLOW                                                       ; --            ; --               ; --                    ;
; PROJECT_OUTPUT_DIRECTORY             ; output_files                                                                                ; --            ; --               ; --                    ;
; SLD_FILE                             ; C:/Users/monig/Documents/proyecto_laberinto/Ratatouille/output_files/stp1_auto_stripped.stp ; --            ; --               ; --                    ;
; TOP_LEVEL_ENTITY                     ; Matriz_ubicacion                                                                            ; ratatouille   ; --               ; --                    ;
; USE_SIGNALTAP_FILE                   ; output_files/stp1.stp                                                                       ; --            ; --               ; --                    ;
+--------------------------------------+---------------------------------------------------------------------------------------------+---------------+------------------+-----------------------+


+-------------------------------------------------------------------------------------------------------------------------------+
; Flow Elapsed Time                                                                                                             ;
+---------------------------+--------------+-------------------------+---------------------+------------------------------------+
; Module Name               ; Elapsed Time ; Average Processors Used ; Peak Virtual Memory ; Total CPU Time (on all processors) ;
+---------------------------+--------------+-------------------------+---------------------+------------------------------------+
; Analysis & Synthesis      ; 00:00:10     ; 1.0                     ; 4655 MB             ; 00:00:08                           ;
; Fitter                    ; 00:00:18     ; 1.0                     ; 4946 MB             ; 00:00:13                           ;
; Assembler                 ; 00:00:02     ; 1.0                     ; 4544 MB             ; 00:00:02                           ;
; TimeQuest Timing Analyzer ; 00:00:06     ; 1.0                     ; 4632 MB             ; 00:00:03                           ;
; EDA Netlist Writer        ; 00:00:01     ; 1.0                     ; 4518 MB             ; 00:00:01                           ;
; EDA Netlist Writer        ; 00:00:01     ; 1.0                     ; 4525 MB             ; 00:00:01                           ;
; EDA Netlist Writer        ; 00:00:02     ; 1.0                     ; 4525 MB             ; 00:00:01                           ;
; Total                     ; 00:00:40     ; --                      ; --                  ; 00:00:29                           ;
+---------------------------+--------------+-------------------------+---------------------+------------------------------------+


+----------------------------------------------------------------------------------------+
; Flow OS Summary                                                                        ;
+---------------------------+------------------+-----------+------------+----------------+
; Module Name               ; Machine Hostname ; OS Name   ; OS Version ; Processor type ;
+---------------------------+------------------+-----------+------------+----------------+
; Analysis & Synthesis      ; Asus_de_Monica   ; Windows 7 ; 6.2        ; x86_64         ;
; Fitter                    ; Asus_de_Monica   ; Windows 7 ; 6.2        ; x86_64         ;
; Assembler                 ; Asus_de_Monica   ; Windows 7 ; 6.2        ; x86_64         ;
; TimeQuest Timing Analyzer ; Asus_de_Monica   ; Windows 7 ; 6.2        ; x86_64         ;
; EDA Netlist Writer        ; Asus_de_Monica   ; Windows 7 ; 6.2        ; x86_64         ;
; EDA Netlist Writer        ; Asus_de_Monica   ; Windows 7 ; 6.2        ; x86_64         ;
; EDA Netlist Writer        ; Asus_de_Monica   ; Windows 7 ; 6.2        ; x86_64         ;
+---------------------------+------------------+-----------+------------+----------------+


------------
; Flow Log ;
------------
quartus_map --read_settings_files=on --write_settings_files=off ratatouille -c ratatouille
quartus_fit --read_settings_files=off --write_settings_files=off ratatouille -c ratatouille
quartus_asm --read_settings_files=off --write_settings_files=off ratatouille -c ratatouille
quartus_sta ratatouille -c ratatouille
quartus_eda --read_settings_files=off --write_settings_files=off ratatouille -c ratatouille
quartus_eda --gen_testbench --check_outputs=on --tool=modelsim_oem --format=verilog ratatouille -c ratatouille --vector_source=C:/Users/monig/Documents/proyecto_laberinto/Ratatouille/Waveform_todo.vwf --testbench_file=./simulation/qsim/ratatouille.vt
quartus_eda --functional=on --simulation=on --tool=modelsim_oem --format=verilog ratatouille -c ratatouille



