Analysis & Synthesis report for ratatouille
Wed Nov 20 19:54:06 2024
Quartus II 64-Bit Version 13.0.1 Build 232 06/12/2013 Service Pack 1 SJ Web Edition


---------------------
; Table of Contents ;
---------------------
  1. Legal Notice
  2. Analysis & Synthesis Summary
  3. Analysis & Synthesis Settings
  4. Parallel Compilation
  5. Analysis & Synthesis Source Files Read
  6. Analysis & Synthesis Resource Usage Summary
  7. Analysis & Synthesis Resource Utilization by Entity
  8. General Register Statistics
  9. Multiplexer Restructuring Statistics (Restructuring Performed)
 10. Parameter Settings for User Entity Instance: BUSMUX:inst17
 11. Parameter Settings for User Entity Instance: BUSMUX:inst6
 12. Parameter Settings for User Entity Instance: BUSMUX:inst7
 13. Parameter Settings for User Entity Instance: BUSMUX:inst9
 14. Elapsed Time Per Partition
 15. Analysis & Synthesis Messages



----------------
; Legal Notice ;
----------------
Copyright (C) 1991-2013 Altera Corporation
Your use of Altera Corporation's design tools, logic functions 
and other software and tools, and its AMPP partner logic 
functions, and any output files from any of the foregoing 
(including device programming or simulation files), and any 
associated documentation or information are expressly subject 
to the terms and conditions of the Altera Program License 
Subscription Agreement, Altera MegaCore Function License 
Agreement, or other applicable license agreement, including, 
without limitation, that your use is for the sole purpose of 
programming logic devices manufactured by Altera and sold by 
Altera or its authorized distributors.  Please refer to the 
applicable agreement for further details.



+--------------------------------------------------------------------------------------+
; Analysis & Synthesis Summary                                                         ;
+------------------------------------+-------------------------------------------------+
; Analysis & Synthesis Status        ; Successful - Wed Nov 20 19:54:06 2024           ;
; Quartus II 64-Bit Version          ; 13.0.1 Build 232 06/12/2013 SP 1 SJ Web Edition ;
; Revision Name                      ; ratatouille                                     ;
; Top-level Entity Name              ; Celda                                           ;
; Family                             ; Cyclone IV E                                    ;
; Total logic elements               ; 53                                              ;
;     Total combinational functions  ; 53                                              ;
;     Dedicated logic registers      ; 7                                               ;
; Total registers                    ; 7                                               ;
; Total pins                         ; 29                                              ;
; Total virtual pins                 ; 0                                               ;
; Total memory bits                  ; 0                                               ;
; Embedded Multiplier 9-bit elements ; 0                                               ;
; Total PLLs                         ; 0                                               ;
+------------------------------------+-------------------------------------------------+


+----------------------------------------------------------------------------------------------------------------------+
; Analysis & Synthesis Settings                                                                                        ;
+----------------------------------------------------------------------------+--------------------+--------------------+
; Option                                                                     ; Setting            ; Default Value      ;
+----------------------------------------------------------------------------+--------------------+--------------------+
; Device                                                                     ; EP4CE22F17C6       ;                    ;
; Top-level entity name                                                      ; Celda              ; ratatouille        ;
; Family name                                                                ; Cyclone IV E       ; Cyclone IV GX      ;
; Use smart compilation                                                      ; Off                ; Off                ;
; Enable parallel Assembler and TimeQuest Timing Analyzer during compilation ; On                 ; On                 ;
; Enable compact report table                                                ; Off                ; Off                ;
; Restructure Multiplexers                                                   ; Auto               ; Auto               ;
; Create Debugging Nodes for IP Cores                                        ; Off                ; Off                ;
; Preserve fewer node names                                                  ; On                 ; On                 ;
; Disable OpenCore Plus hardware evaluation                                  ; Off                ; Off                ;
; Verilog Version                                                            ; Verilog_2001       ; Verilog_2001       ;
; VHDL Version                                                               ; VHDL_1993          ; VHDL_1993          ;
; State Machine Processing                                                   ; Auto               ; Auto               ;
; Safe State Machine                                                         ; Off                ; Off                ;
; Extract Verilog State Machines                                             ; On                 ; On                 ;
; Extract VHDL State Machines                                                ; On                 ; On                 ;
; Ignore Verilog initial constructs                                          ; Off                ; Off                ;
; Iteration limit for constant Verilog loops                                 ; 5000               ; 5000               ;
; Iteration limit for non-constant Verilog loops                             ; 250                ; 250                ;
; Add Pass-Through Logic to Inferred RAMs                                    ; On                 ; On                 ;
; Infer RAMs from Raw Logic                                                  ; On                 ; On                 ;
; Parallel Synthesis                                                         ; On                 ; On                 ;
; DSP Block Balancing                                                        ; Auto               ; Auto               ;
; NOT Gate Push-Back                                                         ; On                 ; On                 ;
; Power-Up Don't Care                                                        ; On                 ; On                 ;
; Remove Redundant Logic Cells                                               ; Off                ; Off                ;
; Remove Duplicate Registers                                                 ; On                 ; On                 ;
; Ignore CARRY Buffers                                                       ; Off                ; Off                ;
; Ignore CASCADE Buffers                                                     ; Off                ; Off                ;
; Ignore GLOBAL Buffers                                                      ; Off                ; Off                ;
; Ignore ROW GLOBAL Buffers                                                  ; Off                ; Off                ;
; Ignore LCELL Buffers                                                       ; Off                ; Off                ;
; Ignore SOFT Buffers                                                        ; On                 ; On                 ;
; Limit AHDL Integers to 32 Bits                                             ; Off                ; Off                ;
; Optimization Technique                                                     ; Balanced           ; Balanced           ;
; Carry Chain Length                                                         ; 70                 ; 70                 ;
; Auto Carry Chains                                                          ; On                 ; On                 ;
; Auto Open-Drain Pins                                                       ; On                 ; On                 ;
; Perform WYSIWYG Primitive Resynthesis                                      ; Off                ; Off                ;
; Auto ROM Replacement                                                       ; On                 ; On                 ;
; Auto RAM Replacement                                                       ; On                 ; On                 ;
; Auto DSP Block Replacement                                                 ; On                 ; On                 ;
; Auto Shift Register Replacement                                            ; Auto               ; Auto               ;
; Allow Shift Register Merging across Hierarchies                            ; Auto               ; Auto               ;
; Auto Clock Enable Replacement                                              ; On                 ; On                 ;
; Strict RAM Replacement                                                     ; Off                ; Off                ;
; Allow Synchronous Control Signals                                          ; On                 ; On                 ;
; Force Use of Synchronous Clear Signals                                     ; Off                ; Off                ;
; Auto RAM Block Balancing                                                   ; On                 ; On                 ;
; Auto RAM to Logic Cell Conversion                                          ; Off                ; Off                ;
; Auto Resource Sharing                                                      ; Off                ; Off                ;
; Allow Any RAM Size For Recognition                                         ; Off                ; Off                ;
; Allow Any ROM Size For Recognition                                         ; Off                ; Off                ;
; Allow Any Shift Register Size For Recognition                              ; Off                ; Off                ;
; Use LogicLock Constraints during Resource Balancing                        ; On                 ; On                 ;
; Ignore translate_off and synthesis_off directives                          ; Off                ; Off                ;
; Timing-Driven Synthesis                                                    ; On                 ; On                 ;
; Report Parameter Settings                                                  ; On                 ; On                 ;
; Report Source Assignments                                                  ; On                 ; On                 ;
; Report Connectivity Checks                                                 ; On                 ; On                 ;
; Ignore Maximum Fan-Out Assignments                                         ; Off                ; Off                ;
; Synchronization Register Chain Length                                      ; 2                  ; 2                  ;
; PowerPlay Power Optimization                                               ; Normal compilation ; Normal compilation ;
; HDL message level                                                          ; Level2             ; Level2             ;
; Suppress Register Optimization Related Messages                            ; Off                ; Off                ;
; Number of Removed Registers Reported in Synthesis Report                   ; 5000               ; 5000               ;
; Number of Swept Nodes Reported in Synthesis Report                         ; 5000               ; 5000               ;
; Number of Inverted Registers Reported in Synthesis Report                  ; 100                ; 100                ;
; Clock MUX Protection                                                       ; On                 ; On                 ;
; Auto Gated Clock Conversion                                                ; Off                ; Off                ;
; Block Design Naming                                                        ; Auto               ; Auto               ;
; SDC constraint protection                                                  ; Off                ; Off                ;
; Synthesis Effort                                                           ; Auto               ; Auto               ;
; Shift Register Replacement - Allow Asynchronous Clear Signal               ; On                 ; On                 ;
; Pre-Mapping Resynthesis Optimization                                       ; Off                ; Off                ;
; Analysis & Synthesis Message Level                                         ; Medium             ; Medium             ;
; Disable Register Merging Across Hierarchies                                ; Auto               ; Auto               ;
; Resource Aware Inference For Block RAM                                     ; On                 ; On                 ;
; Synthesis Seed                                                             ; 1                  ; 1                  ;
+----------------------------------------------------------------------------+--------------------+--------------------+


Parallel compilation was disabled, but you have multiple processors available. Enable parallel compilation to reduce compilation time.
+-------------------------------------+
; Parallel Compilation                ;
+----------------------------+--------+
; Processors                 ; Number ;
+----------------------------+--------+
; Number detected on machine ; 16     ;
; Maximum allowed            ; 1      ;
+----------------------------+--------+


+------------------------------------------------------------------------------------------------------------------------------------------------------------------------------------------+
; Analysis & Synthesis Source Files Read                                                                                                                                                   ;
+----------------------------------+-----------------+------------------------------------+--------------------------------------------------------------------------------------+---------+
; File Name with User-Entered Path ; Used in Netlist ; File Type                          ; File Name with Absolute Path                                                         ; Library ;
+----------------------------------+-----------------+------------------------------------+--------------------------------------------------------------------------------------+---------+
; Ubicacion/sumador_3_bits.vhd     ; yes             ; User VHDL File                     ; C:/Users/monig/Documents/proyecto_laberinto/Ratatouille/Ubicacion/sumador_3_bits.vhd ;         ;
; Ubicacion/Min_Vector.vhd         ; yes             ; User VHDL File                     ; C:/Users/monig/Documents/proyecto_laberinto/Ratatouille/Ubicacion/Min_Vector.vhd     ;         ;
; Ubicacion/Celda.bdf              ; yes             ; User Block Diagram/Schematic File  ; C:/Users/monig/Documents/proyecto_laberinto/Ratatouille/Ubicacion/Celda.bdf          ;         ;
; Ubicacion/bit_to_vector.vhd      ; yes             ; User VHDL File                     ; C:/Users/monig/Documents/proyecto_laberinto/Ratatouille/Ubicacion/bit_to_vector.vhd  ;         ;
; Ubicacion/latcheo_salida.vhd     ; yes             ; User VHDL File                     ; C:/Users/monig/Documents/proyecto_laberinto/Ratatouille/Ubicacion/latcheo_salida.vhd ;         ;
; Ubicacion/DFF_fijo.vhd           ; yes             ; User VHDL File                     ; C:/Users/monig/Documents/proyecto_laberinto/Ratatouille/Ubicacion/DFF_fijo.vhd       ;         ;
; busmux.tdf                       ; yes             ; Megafunction                       ; c:/altera/13.0sp1/quartus/libraries/megafunctions/busmux.tdf                         ;         ;
; lpm_mux.inc                      ; yes             ; Megafunction                       ; c:/altera/13.0sp1/quartus/libraries/megafunctions/lpm_mux.inc                        ;         ;
; lpm_mux.tdf                      ; yes             ; Megafunction                       ; c:/altera/13.0sp1/quartus/libraries/megafunctions/lpm_mux.tdf                        ;         ;
; aglobal130.inc                   ; yes             ; Megafunction                       ; c:/altera/13.0sp1/quartus/libraries/megafunctions/aglobal130.inc                     ;         ;
; muxlut.inc                       ; yes             ; Megafunction                       ; c:/altera/13.0sp1/quartus/libraries/megafunctions/muxlut.inc                         ;         ;
; bypassff.inc                     ; yes             ; Megafunction                       ; c:/altera/13.0sp1/quartus/libraries/megafunctions/bypassff.inc                       ;         ;
; altshift.inc                     ; yes             ; Megafunction                       ; c:/altera/13.0sp1/quartus/libraries/megafunctions/altshift.inc                       ;         ;
; db/mux_9rc.tdf                   ; yes             ; Auto-Generated Megafunction        ; C:/Users/monig/Documents/proyecto_laberinto/Ratatouille/db/mux_9rc.tdf               ;         ;
+----------------------------------+-----------------+------------------------------------+--------------------------------------------------------------------------------------+---------+


+---------------------------------------------------------------------+
; Analysis & Synthesis Resource Usage Summary                         ;
+---------------------------------------------+-----------------------+
; Resource                                    ; Usage                 ;
+---------------------------------------------+-----------------------+
; Estimated Total logic elements              ; 53                    ;
;                                             ;                       ;
; Total combinational functions               ; 53                    ;
; Logic element usage by number of LUT inputs ;                       ;
;     -- 4 input functions                    ; 33                    ;
;     -- 3 input functions                    ; 7                     ;
;     -- <=2 input functions                  ; 13                    ;
;                                             ;                       ;
; Logic elements by mode                      ;                       ;
;     -- normal mode                          ; 53                    ;
;     -- arithmetic mode                      ; 0                     ;
;                                             ;                       ;
; Total registers                             ; 7                     ;
;     -- Dedicated logic registers            ; 7                     ;
;     -- I/O registers                        ; 0                     ;
;                                             ;                       ;
; I/O pins                                    ; 29                    ;
; Embedded Multiplier 9-bit elements          ; 0                     ;
; Maximum fan-out node                        ; DFF_fijo:inst5|estado ;
; Maximum fan-out                             ; 10                    ;
; Total fan-out                               ; 236                   ;
; Average fan-out                             ; 2.00                  ;
+---------------------------------------------+-----------------------+


+---------------------------------------------------------------------------------------------------------------------------------------------------------------------------------------------------------------------------+
; Analysis & Synthesis Resource Utilization by Entity                                                                                                                                                                       ;
+-----------------------------------+-------------------+--------------+-------------+--------------+---------+-----------+------+--------------+------------------------------------------------------------+--------------+
; Compilation Hierarchy Node        ; LC Combinationals ; LC Registers ; Memory Bits ; DSP Elements ; DSP 9x9 ; DSP 18x18 ; Pins ; Virtual Pins ; Full Hierarchy Name                                        ; Library Name ;
+-----------------------------------+-------------------+--------------+-------------+--------------+---------+-----------+------+--------------+------------------------------------------------------------+--------------+
; |Celda                            ; 53 (0)            ; 7 (0)        ; 0           ; 0            ; 0       ; 0         ; 29   ; 0            ; |Celda                                                     ; work         ;
;    |DFF_fijo:inst11|              ; 1 (1)             ; 1 (1)        ; 0           ; 0            ; 0       ; 0         ; 0    ; 0            ; |Celda|DFF_fijo:inst11                                     ; work         ;
;    |DFF_fijo:inst3|               ; 1 (1)             ; 1 (1)        ; 0           ; 0            ; 0       ; 0         ; 0    ; 0            ; |Celda|DFF_fijo:inst3                                      ; work         ;
;    |DFF_fijo:inst5|               ; 1 (1)             ; 1 (1)        ; 0           ; 0            ; 0       ; 0         ; 0    ; 0            ; |Celda|DFF_fijo:inst5                                      ; work         ;
;    |DFF_fijo:inst8|               ; 1 (1)             ; 1 (1)        ; 0           ; 0            ; 0       ; 0         ; 0    ; 0            ; |Celda|DFF_fijo:inst8                                      ; work         ;
;    |Min_Vector:inst|              ; 35 (35)           ; 0 (0)        ; 0           ; 0            ; 0       ; 0         ; 0    ; 0            ; |Celda|Min_Vector:inst                                     ; work         ;
;    |busmux:inst17|                ; 3 (0)             ; 0 (0)        ; 0           ; 0            ; 0       ; 0         ; 0    ; 0            ; |Celda|busmux:inst17                                       ; work         ;
;       |lpm_mux:$00000|            ; 3 (0)             ; 0 (0)        ; 0           ; 0            ; 0       ; 0         ; 0    ; 0            ; |Celda|busmux:inst17|lpm_mux:$00000                        ; work         ;
;          |mux_9rc:auto_generated| ; 3 (3)             ; 0 (0)        ; 0           ; 0            ; 0       ; 0         ; 0    ; 0            ; |Celda|busmux:inst17|lpm_mux:$00000|mux_9rc:auto_generated ; work         ;
;    |busmux:inst6|                 ; 3 (0)             ; 0 (0)        ; 0           ; 0            ; 0       ; 0         ; 0    ; 0            ; |Celda|busmux:inst6                                        ; work         ;
;       |lpm_mux:$00000|            ; 3 (0)             ; 0 (0)        ; 0           ; 0            ; 0       ; 0         ; 0    ; 0            ; |Celda|busmux:inst6|lpm_mux:$00000                         ; work         ;
;          |mux_9rc:auto_generated| ; 3 (3)             ; 0 (0)        ; 0           ; 0            ; 0       ; 0         ; 0    ; 0            ; |Celda|busmux:inst6|lpm_mux:$00000|mux_9rc:auto_generated  ; work         ;
;    |busmux:inst7|                 ; 3 (0)             ; 0 (0)        ; 0           ; 0            ; 0       ; 0         ; 0    ; 0            ; |Celda|busmux:inst7                                        ; work         ;
;       |lpm_mux:$00000|            ; 3 (0)             ; 0 (0)        ; 0           ; 0            ; 0       ; 0         ; 0    ; 0            ; |Celda|busmux:inst7|lpm_mux:$00000                         ; work         ;
;          |mux_9rc:auto_generated| ; 3 (3)             ; 0 (0)        ; 0           ; 0            ; 0       ; 0         ; 0    ; 0            ; |Celda|busmux:inst7|lpm_mux:$00000|mux_9rc:auto_generated  ; work         ;
;    |busmux:inst9|                 ; 3 (0)             ; 0 (0)        ; 0           ; 0            ; 0       ; 0         ; 0    ; 0            ; |Celda|busmux:inst9                                        ; work         ;
;       |lpm_mux:$00000|            ; 3 (0)             ; 0 (0)        ; 0           ; 0            ; 0       ; 0         ; 0    ; 0            ; |Celda|busmux:inst9|lpm_mux:$00000                         ; work         ;
;          |mux_9rc:auto_generated| ; 3 (3)             ; 0 (0)        ; 0           ; 0            ; 0       ; 0         ; 0    ; 0            ; |Celda|busmux:inst9|lpm_mux:$00000|mux_9rc:auto_generated  ; work         ;
;    |latcheo_salida:inst2|         ; 0 (0)             ; 3 (3)        ; 0           ; 0            ; 0       ; 0         ; 0    ; 0            ; |Celda|latcheo_salida:inst2                                ; work         ;
;    |sumador_3_bits:inst16|        ; 2 (2)             ; 0 (0)        ; 0           ; 0            ; 0       ; 0         ; 0    ; 0            ; |Celda|sumador_3_bits:inst16                               ; work         ;
+-----------------------------------+-------------------+--------------+-------------+--------------+---------+-----------+------+--------------+------------------------------------------------------------+--------------+
Note: For table entries with two numbers listed, the numbers in parentheses indicate the number of resources of the given type used by the specific entity alone. The numbers listed outside of parentheses indicate the total resources of the given type used by the specific entity and all of its sub-entities in the hierarchy.


+------------------------------------------------------+
; General Register Statistics                          ;
+----------------------------------------------+-------+
; Statistic                                    ; Value ;
+----------------------------------------------+-------+
; Total registers                              ; 7     ;
; Number of registers using Synchronous Clear  ; 0     ;
; Number of registers using Synchronous Load   ; 0     ;
; Number of registers using Asynchronous Clear ; 7     ;
; Number of registers using Asynchronous Load  ; 0     ;
; Number of registers using Clock Enable       ; 0     ;
; Number of registers using Preset             ; 0     ;
+----------------------------------------------+-------+


+-------------------------------------------------------------------------------------------------------------------------------------------------+
; Multiplexer Restructuring Statistics (Restructuring Performed)                                                                                  ;
+--------------------+-----------+---------------+----------------------+------------------------+------------+-----------------------------------+
; Multiplexer Inputs ; Bus Width ; Baseline Area ; Area if Restructured ; Saving if Restructured ; Registered ; Example Multiplexer Output        ;
+--------------------+-----------+---------------+----------------------+------------------------+------------+-----------------------------------+
; 4:1                ; 3 bits    ; 6 LEs         ; 6 LEs                ; 0 LEs                  ; No         ; |Celda|Min_Vector:inst|Min_Out[2] ;
+--------------------+-----------+---------------+----------------------+------------------------+------------+-----------------------------------+


+------------------------------------------------------------+
; Parameter Settings for User Entity Instance: BUSMUX:inst17 ;
+----------------+-------+-----------------------------------+
; Parameter Name ; Value ; Type                              ;
+----------------+-------+-----------------------------------+
; WIDTH          ; 3     ; Signed Integer                    ;
+----------------+-------+-----------------------------------+
Note: In order to hide this table in the UI and the text report file, please set the "Show Parameter Settings in Synthesis Report" option in "Analysis and Synthesis Settings -> More Settings" to "Off".


+-----------------------------------------------------------+
; Parameter Settings for User Entity Instance: BUSMUX:inst6 ;
+----------------+-------+----------------------------------+
; Parameter Name ; Value ; Type                             ;
+----------------+-------+----------------------------------+
; WIDTH          ; 3     ; Signed Integer                   ;
+----------------+-------+----------------------------------+
Note: In order to hide this table in the UI and the text report file, please set the "Show Parameter Settings in Synthesis Report" option in "Analysis and Synthesis Settings -> More Settings" to "Off".


+-----------------------------------------------------------+
; Parameter Settings for User Entity Instance: BUSMUX:inst7 ;
+----------------+-------+----------------------------------+
; Parameter Name ; Value ; Type                             ;
+----------------+-------+----------------------------------+
; WIDTH          ; 3     ; Signed Integer                   ;
+----------------+-------+----------------------------------+
Note: In order to hide this table in the UI and the text report file, please set the "Show Parameter Settings in Synthesis Report" option in "Analysis and Synthesis Settings -> More Settings" to "Off".


+-----------------------------------------------------------+
; Parameter Settings for User Entity Instance: BUSMUX:inst9 ;
+----------------+-------+----------------------------------+
; Parameter Name ; Value ; Type                             ;
+----------------+-------+----------------------------------+
; WIDTH          ; 3     ; Signed Integer                   ;
+----------------+-------+----------------------------------+
Note: In order to hide this table in the UI and the text report file, please set the "Show Parameter Settings in Synthesis Report" option in "Analysis and Synthesis Settings -> More Settings" to "Off".


+-------------------------------+
; Elapsed Time Per Partition    ;
+----------------+--------------+
; Partition Name ; Elapsed Time ;
+----------------+--------------+
; Top            ; 00:00:00     ;
+----------------+--------------+


+-------------------------------+
; Analysis & Synthesis Messages ;
+-------------------------------+
Info: *******************************************************************
Info: Running Quartus II 64-Bit Analysis & Synthesis
    Info: Version 13.0.1 Build 232 06/12/2013 Service Pack 1 SJ Web Edition
    Info: Processing started: Wed Nov 20 19:54:04 2024
Info: Command: quartus_map --read_settings_files=on --write_settings_files=off ratatouille -c ratatouille
Warning (20028): Parallel compilation is not licensed and has been disabled
Info (12021): Found 1 design units, including 1 entities, in source file motores/bloque_adc_controller/altera_up_avalon_adv_adc.v
    Info (12023): Found entity 1: altera_up_avalon_adv_adc
Info (12021): Found 1 design units, including 1 entities, in source file motores/bloque_adc_controller/adc_adc_mega_0.v
    Info (12023): Found entity 1: adc_adc_mega_0
Info (12021): Found 2 design units, including 1 entities, in source file motores/bloque_adc_controller/adc.vhd
    Info (12022): Found design unit 1: adc-rtl
    Info (12023): Found entity 1: adc
Info (12021): Found 2 design units, including 1 entities, in source file motores/temporizador_doble.vhd
    Info (12022): Found design unit 1: temporizador_doble-Behavioral
    Info (12023): Found entity 1: temporizador_doble
Info (12021): Found 2 design units, including 1 entities, in source file motores/pll1.vhd
    Info (12022): Found design unit 1: pll1-SYN
    Info (12023): Found entity 1: pll1
Info (12021): Found 2 design units, including 1 entities, in source file motores/motores.vhd
    Info (12022): Found design unit 1: Motores-BEHAVIOR
    Info (12023): Found entity 1: Motores
Info (12021): Found 2 design units, including 1 entities, in source file motores/generador_prueba.vhd
    Info (12022): Found design unit 1: generador_prueba-Behavioral
    Info (12023): Found entity 1: generador_prueba
Info (12021): Found 1 design units, including 1 entities, in source file motores/control_motores.bdf
    Info (12023): Found entity 1: Control_Motores
Info (12021): Found 2 design units, including 1 entities, in source file motores/comparador_izquierda.vhd
    Info (12022): Found design unit 1: comparador_izquierda-behavorial
    Info (12023): Found entity 1: comparador_izquierda
Info (12021): Found 2 design units, including 1 entities, in source file motores/comparador_derecha.vhd
    Info (12022): Found design unit 1: comparador_derecha-behavorial
    Info (12023): Found entity 1: comparador_derecha
Info (12021): Found 2 design units, including 1 entities, in source file ubicacion/sumador_3_bits.vhd
    Info (12022): Found design unit 1: sumador_3_bits-Behavioral
    Info (12023): Found entity 1: sumador_3_bits
Info (12021): Found 2 design units, including 1 entities, in source file ubicacion/min_vector.vhd
    Info (12022): Found design unit 1: Min_Vector-Behavioral
    Info (12023): Found entity 1: Min_Vector
Info (12021): Found 1 design units, including 1 entities, in source file ubicacion/matriz_ubicacion.bdf
    Info (12023): Found entity 1: Matriz_ubicacion
Info (12021): Found 2 design units, including 1 entities, in source file ubicacion/elijo_sentido.vhd
    Info (12022): Found design unit 1: elijo_sentido-Behavioral
    Info (12023): Found entity 1: elijo_sentido
Info (12021): Found 1 design units, including 1 entities, in source file ubicacion/celda.bdf
    Info (12023): Found entity 1: Celda
Info (12021): Found 2 design units, including 1 entities, in source file ubicacion/busmux_3.vhd
    Info (12022): Found design unit 1: busmux_3-bdf_type
    Info (12023): Found entity 1: busmux_3
Info (12021): Found 2 design units, including 1 entities, in source file ubicacion/busmux_2.vhd
    Info (12022): Found design unit 1: busmux_2-bdf_type
    Info (12023): Found entity 1: busmux_2
Info (12021): Found 2 design units, including 1 entities, in source file ubicacion/busmux_1.vhd
    Info (12022): Found design unit 1: busmux_1-bdf_type
    Info (12023): Found entity 1: busmux_1
Info (12021): Found 2 design units, including 1 entities, in source file ubicacion/busmux_0.vhd
    Info (12022): Found design unit 1: busmux_0-bdf_type
    Info (12023): Found entity 1: busmux_0
Info (12021): Found 2 design units, including 1 entities, in source file ubicacion/bit_to_vector.vhd
    Info (12022): Found design unit 1: bit_to_vector-Behavioral
    Info (12023): Found entity 1: bit_to_vector
Info (12021): Found 2 design units, including 1 entities, in source file ubicacion/decido_accion.vhd
    Info (12022): Found design unit 1: decido_accion-Behavioral
    Info (12023): Found entity 1: decido_accion
Info (12021): Found 2 design units, including 1 entities, in source file ubicacion/sent_actual.vhd
    Info (12022): Found design unit 1: SENT_ACTUAL-Behavioral
    Info (12023): Found entity 1: SENT_ACTUAL
Info (12021): Found 1 design units, including 1 entities, in source file algoritmo_decision.bdf
    Info (12023): Found entity 1: algoritmo_decision
Info (12021): Found 2 design units, including 1 entities, in source file ubicacion/latcheo_salida.vhd
    Info (12022): Found design unit 1: latcheo_salida-Behavioral
    Info (12023): Found entity 1: latcheo_salida
Info (12021): Found 2 design units, including 1 entities, in source file ubicacion/dff_fijo.vhd
    Info (12022): Found design unit 1: DFF_fijo-Behavioral
    Info (12023): Found entity 1: DFF_fijo
Info (12021): Found 2 design units, including 1 entities, in source file ubicacion/constante_111.vhd
    Info (12022): Found design unit 1: constante_111-Behavioral
    Info (12023): Found entity 1: constante_111
Info (12127): Elaborating entity "Celda" for the top level hierarchy
Info (12128): Elaborating entity "bit_to_vector" for hierarchy "bit_to_vector:inst1"
Info (12128): Elaborating entity "DFF_fijo" for hierarchy "DFF_fijo:inst3"
Info (12128): Elaborating entity "latcheo_salida" for hierarchy "latcheo_salida:inst2"
Info (12128): Elaborating entity "sumador_3_bits" for hierarchy "sumador_3_bits:inst16"
Info (12128): Elaborating entity "Min_Vector" for hierarchy "Min_Vector:inst"
Info (12128): Elaborating entity "BUSMUX" for hierarchy "BUSMUX:inst17"
Info (12130): Elaborated megafunction instantiation "BUSMUX:inst17"
Info (12133): Instantiated megafunction "BUSMUX:inst17" with the following parameter:
    Info (12134): Parameter "WIDTH" = "3"
Info (12128): Elaborating entity "lpm_mux" for hierarchy "BUSMUX:inst17|lpm_mux:$00000"
Info (12131): Elaborated megafunction instantiation "BUSMUX:inst17|lpm_mux:$00000", which is child of megafunction instantiation "BUSMUX:inst17"
Info (12021): Found 1 design units, including 1 entities, in source file db/mux_9rc.tdf
    Info (12023): Found entity 1: mux_9rc
Info (12128): Elaborating entity "mux_9rc" for hierarchy "BUSMUX:inst17|lpm_mux:$00000|mux_9rc:auto_generated"
Info (286030): Timing-Driven Synthesis is running
Info (16010): Generating hard_block partition "hard_block:auto_generated_inst"
    Info (16011): Adding 0 node(s), including 0 DDIO, 0 PLL, 0 transceiver and 0 LCELL
Info (21057): Implemented 83 device resources after synthesis - the final resource count might be different
    Info (21058): Implemented 22 input pins
    Info (21059): Implemented 7 output pins
    Info (21061): Implemented 54 logic cells
Info: Quartus II 64-Bit Analysis & Synthesis was successful. 0 errors, 1 warning
    Info: Peak virtual memory: 4632 megabytes
    Info: Processing ended: Wed Nov 20 19:54:06 2024
    Info: Elapsed time: 00:00:02
    Info: Total CPU time (on all processors): 00:00:01


